<?xml version="1.0" encoding="UTF-8"?>
<testsuite xmlns:xsi="http://www.w3.org/2001/XMLSchema-instance" xsi:noNamespaceSchemaLocation="https://maven.apache.org/surefire/maven-surefire-plugin/xsd/surefire-test-report-3.0.xsd" version="3.0" name="ModeloValidacaoTest" time="0.868" tests="3" errors="0" skipped="0" failures="0">
  <properties>
[...]
</properties>
  <testcase name="projeto_comNomeVazio_deveRetornarViolation" classname="ModeloValidacaoTest" time="0.799">
    <system-out><![CDATA[19:04:49.383 [main] INFO org.hibernate.validator.internal.util.Version -- HV000001: Hibernate Validator 8.0.1.Final
]]></system-out>
  </testcase>
  <testcase name="atributoDef_comNomeVazio_deveRetornarViolation" classname="ModeloValidacaoTest" time="0.014"/>
  <testcase name="atributoDef_valido_naoDeveRetornarViolations" classname="ModeloValidacaoTest" time="0.009"/>
</testsuite>